Arguments: 
  C:\Program Files\nodejs\node.exe C:\Users\zx\AppData\Roaming\npm\node_modules\yarn\bin\yarn.js add robotjs

PATH: 
  E:\zx\code\extra\boring\node_modules\.bin;C:\Program Files (x86)\Common Files\Oracle\Java\javapath;C:\Windows\system32;C:\Windows;C:\Windows\System32\Wbem;C:\Windows\System32\WindowsPowerShell\v1.0\;C:\Windows\System32\OpenSSH\;C:\Program Files (x86)\NVIDIA Corporation\PhysX\Common;C:\Program Files\NVIDIA Corporation\NVIDIA NvDLISR;C:\Program Files\Git\cmd;C:\Program Files\nodejs\;C:\Users\zx\AppData\Local\Android\Sdk\platform-tools;C:\Program Files\OpenVPN\bin;C:\Users\zx\AppData\Local\Yarn\bin;C:\Program Files (x86)\Vim\vim82;C:\Program Files\Java\jdk1.8.0_241\bin;C:\Program Files\Java\jdk1.8.0_241\jre\bin;C:\Users\zx\AppData\Local\Microsoft\WindowsApps;C:\Users\zx\AppData\Roaming\npm

Yarn version: 
  1.22.0

Node version: 
  12.13.0

Platform: 
  win32 x64

Trace: 
  Error: read ECONNRESET
      at TLSWrap.onStreamRead (internal/stream_base_commons.js:201:27)

npm manifest: 
  {
    "name": "boring",
    "version": "1.0.0",
    "main": "index.js",
    "author": "zhao xi <zxpstudy@163.com>",
    "license": "MIT"
  }

yarn manifest: 
  No manifest

Lockfile: 
  No lockfile
